# ----------------------------------------
# Jasper Version Info
# tool      : Jasper 2024.06
# platform  : Linux 4.18.0-553.89.1.el8_10.x86_64
# version   : 2024.06p002 64 bits
# build date: 2024.09.02 16:28:38 UTC
# ----------------------------------------
# started   : 2025-12-20 09:25:17 EST
# hostname  : cadpc02.(none)
# pid       : 2424616
# arguments : '-label' 'session_0' '-console' '//127.0.0.1:33021' '-style' 'windows' '-data' 'AAAAkHicY2RgYLCp////PwMYMD6A0Aw2jAyoAMRnQhUJbEChGRhYYZphSkAaOBh0GdIYChjKgGwZBjeGAIYwhniGRIYKhkwgWcCQxKDHUMKQzJAD1gEAwXENkA==' '-proj' '/homes/user/stud/fall25/vg2651/axi2apb/FPV/jgproject/sessionLogs/session_0' '-init' '-hidden' '/homes/user/stud/fall25/vg2651/axi2apb/FPV/jgproject/.tmp/.initCmds.tcl' 'FPV_axiapb.tcl'

Any disclosure about the Cadence Design Systems software or its use
model to any third party violates the written Non-Disclosure Agreement
between Cadence Design Systems, Inc. and the customer.

THIS SOFTWARE CONTAINS CONFIDENTIAL INFORMATION AND TRADE SECRETS OF
CADENCE DESIGN SYSTEMS, INC. USE, DISCLOSURE, OR REPRODUCTION IS
PROHIBITED WITHOUT THE PRIOR EXPRESS WRITTEN PERMISSION OF CADENCE
DESIGN SYSTEMS, INC.

Copyright (C) 2000-2024 Cadence Design Systems, Inc. All Rights
Reserved.  Unpublished -- rights reserved under the copyright laws of
the United States.

This product includes software developed by others and redistributed
according to license agreement. See doc/third_party_readme.txt for
further details.

RESTRICTED RIGHTS LEGEND

Use, duplication, or disclosure by the Government is subject to
restrictions as set forth in subparagraph (c) (1) (ii) of the Rights in
Technical Data and Computer Software clause at DFARS 252.227-7013 or
subparagraphs (c) (1) and (2) of Commercial Computer Software -- Restricted
Rights at 48 CFR 52.227-19, as applicable.


                          Cadence Design Systems, Inc.
                          2655 Seely Avenue
                          San Jose, CA 95134
                          Phone: 408.943.1234

For technical assistance visit http://support.cadence.com.

Jasper Apps Analysis Session - /homes/user/stud/fall25/vg2651/axi2apb/FPV/jgproject/sessionLogs/session_0

INFO: successfully checked out licenses "jasper_interactive" and "jasper_fao".
INFO: reading configuration file "/user/stud/fall25/vg2651/.config/cadence/jasper.conf".
% # ----------------------------------------
% #  Copyright (c) 2017 Cadence Design Systems, Inc. All Rights
% #  Reserved.  Unpublished -- rights reserved under the copyright 
% #  laws of the United States.
% # ----------------------------------------
% 
% # Analyze design under verification files
% set ROOT_PATH ../designs
../designs
% set RTL_PATH ${ROOT_PATH}
../designs
% set SV_PATH ${ROOT_PATH}
../designs
% 
% # Mode selection via environment variable JG_MODE
% #   all|safety|liveness|misc
% set mode "all"
all
% if {[info exists ::env(JG_MODE)]} {
  set mode $::env(JG_MODE)
}
safety
% 
% set SVA_FILES {}
% switch -- $mode {
  "safety" {
    set SVA_FILES [list \
      ${SV_PATH}/bridge_props_pkg.sv \
      ${SV_PATH}/bridge_env_safety.sva \
      ${SV_PATH}/bindings_safety.sva]
  }
  "liveness" {
    set SVA_FILES [list \
      ${SV_PATH}/bridge_props_pkg.sv \
      ${SV_PATH}/bridge_liveness.sva \
      ${SV_PATH}/bindings_liveness.sva]
  }
  "misc" {
    set SVA_FILES [list \
      ${SV_PATH}/bridge_props_pkg.sv \
      ${SV_PATH}/bridge_misc.sva \
      ${SV_PATH}/bindings_misc.sva]
  }
  default {
    set SVA_FILES [list \
      ${SV_PATH}/bridge_props_pkg.sv \
      ${SV_PATH}/bridge_env_safety.sva \
      ${SV_PATH}/bridge_liveness.sva \
      ${SV_PATH}/bridge_misc.sva \
      ${SV_PATH}/bindings.sva]
  }
}
../designs/bridge_props_pkg.sv ../designs/bridge_env_safety.sva ../designs/bindings_safety.sva
% 
% analyze -sv \
  ${RTL_PATH}/bridge.v
[-- (VERI-1482)] Analyzing Verilog file '/tools/cadence/jasper_2024.06p002/lib/verilog/packages/std/std.sv' into library 'std'
[-- (VERI-1482)] Analyzing Verilog file '../designs/bridge.v'
% 
% analyze -sva \
  {*}$SVA_FILES
[-- (VERI-1482)] Analyzing Verilog file '../designs/bridge_props_pkg.sv'
[WARN (VERI-2418)] ../designs/bridge_props_pkg.sv(3): parameter 'IDLE' declared inside package 'bridge_props_pkg' shall be treated as localparam
[WARN (VERI-2418)] ../designs/bridge_props_pkg.sv(4): parameter 'SETUP_M' declared inside package 'bridge_props_pkg' shall be treated as localparam
[WARN (VERI-2418)] ../designs/bridge_props_pkg.sv(5): parameter 'SETUP_S' declared inside package 'bridge_props_pkg' shall be treated as localparam
[WARN (VERI-2418)] ../designs/bridge_props_pkg.sv(6): parameter 'ACCESS_S' declared inside package 'bridge_props_pkg' shall be treated as localparam
[WARN (VERI-2418)] ../designs/bridge_props_pkg.sv(7): parameter 'PREACCESS_M' declared inside package 'bridge_props_pkg' shall be treated as localparam
[WARN (VERI-2418)] ../designs/bridge_props_pkg.sv(8): parameter 'ACCESS_M' declared inside package 'bridge_props_pkg' shall be treated as localparam
[WARN (VERI-2418)] ../designs/bridge_props_pkg.sv(9): parameter 'WSETUP_M' declared inside package 'bridge_props_pkg' shall be treated as localparam
[WARN (VERI-2418)] ../designs/bridge_props_pkg.sv(10): parameter 'WPREACCESS_M' declared inside package 'bridge_props_pkg' shall be treated as localparam
[WARN (VERI-2418)] ../designs/bridge_props_pkg.sv(11): parameter 'WACCESS_M' declared inside package 'bridge_props_pkg' shall be treated as localparam
[WARN (VERI-2418)] ../designs/bridge_props_pkg.sv(12): parameter 'WTERMINATE' declared inside package 'bridge_props_pkg' shall be treated as localparam
[WARN (VERI-2418)] ../designs/bridge_props_pkg.sv(13): parameter 'WSETUP_S' declared inside package 'bridge_props_pkg' shall be treated as localparam
[WARN (VERI-2418)] ../designs/bridge_props_pkg.sv(14): parameter 'WACCESS_S' declared inside package 'bridge_props_pkg' shall be treated as localparam
[-- (VERI-1482)] Analyzing Verilog file '../designs/bridge_env_safety.sva'
[-- (VERI-1482)] Analyzing Verilog file '../designs/bindings_safety.sva'
% 
% # Elaborate design and properties
% elaborate -top bridge
INFO (ISW003): Top module name is "bridge".
[INFO (HIER-8002)] ../designs/bridge_props_pkg.sv(15): Disabling old hierarchical reference handler
[INFO (VERI-1018)] ../designs/bridge_env_safety.sva(2): compiling module 'bridge_env_safety_checker'
[INFO (VERI-1018)] ../designs/bridge.v(5): compiling module 'bridge'
[WARN (VERI-1221)] ../designs/bridge.v(159): 'awaddr' should be on the sensitivity list
[WARN (VERI-1221)] ../designs/bridge.v(160): 'awburst' should be on the sensitivity list
[WARN (VERI-1221)] ../designs/bridge.v(161): 'awlen' should be on the sensitivity list
[WARN (VERI-1209)] ../designs/bridge.v(161): expression size 32 truncated to fit in target size 4
[WARN (VERI-1221)] ../designs/bridge.v(162): 'awlen' should be on the sensitivity list
[WARN (VERI-1209)] ../designs/bridge.v(162): expression size 32 truncated to fit in target size 4
[WARN (VERI-1221)] ../designs/bridge.v(190): 'lenM' should be on the sensitivity list
[WARN (VERI-1221)] ../designs/bridge.v(193): 'wlast' should be on the sensitivity list
[WARN (VERI-1221)] ../designs/bridge.v(199): 'wdata' should be on the sensitivity list
[WARN (VERI-1221)] ../designs/bridge.v(199): 'i' should be on the sensitivity list
[WARN (VERI-9005)] ../designs/bridge.v(199): 32-bit index expression 'i' is larger than the required 4 bits. This might lead to an out-of-bound access
[WARN (VERI-1221)] ../designs/bridge.v(202): 'burst' should be on the sensitivity list
[WARN (VERI-1221)] ../designs/bridge.v(203): 'i' should be on the sensitivity list
[WARN (VERI-1221)] ../designs/bridge.v(204): 'i' should be on the sensitivity list
[WARN (VERI-1221)] ../designs/bridge.v(205): 'i' should be on the sensitivity list
[WARN (VERI-1221)] ../designs/bridge.v(209): 'lenM' should be on the sensitivity list
[WARN (VERI-1209)] ../designs/bridge.v(209): expression size 32 truncated to fit in target size 4
[WARN (VERI-1221)] ../designs/bridge.v(224): 'bready' should be on the sensitivity list
[WARN (VERI-1221)] ../designs/bridge.v(252): 'lenS' should be on the sensitivity list
[WARN (VERI-1221)] ../designs/bridge.v(255): 'lenS' should be on the sensitivity list
[WARN (VERI-1221)] ../designs/bridge.v(262): 'i' should be on the sensitivity list
[WARN (VERI-1221)] ../designs/bridge.v(265): 'DADDR' should be on the sensitivity list
[WARN (VERI-1209)] ../designs/bridge.v(265): expression size 32 truncated to fit in target size 3
[WARN (VERI-1221)] ../designs/bridge.v(268): 'DDATA' should be on the sensitivity list
[WARN (VERI-9005)] ../designs/bridge.v(268): 32-bit index expression 'i' is larger than the required 4 bits. This might lead to an out-of-bound access
[WARN (VERI-1221)] ../designs/bridge.v(271): 'lenS' should be on the sensitivity list
[WARN (VERI-1209)] ../designs/bridge.v(271): expression size 32 truncated to fit in target size 4
[WARN (VERI-1221)] ../designs/bridge.v(289): 'araddr' should be on the sensitivity list
[WARN (VERI-1221)] ../designs/bridge.v(290): 'arburst' should be on the sensitivity list
[WARN (VERI-1221)] ../designs/bridge.v(295): 'arlen' should be on the sensitivity list
[WARN (VERI-1221)] ../designs/bridge.v(296): 'arlen' should be on the sensitivity list
[WARN (VERI-1209)] ../designs/bridge.v(296): expression size 32 truncated to fit in target size 4
[WARN (VERI-1221)] ../designs/bridge.v(318): 'PRDATA' should be on the sensitivity list
[WARN (VERI-1221)] ../designs/bridge.v(318): 'i' should be on the sensitivity list
[WARN (VERI-9005)] ../designs/bridge.v(318): 32-bit index expression 'i' is larger than the required 4 bits. This might lead to an out-of-bound access
[WARN (VERI-1221)] ../designs/bridge.v(335): 'lenS' should be on the sensitivity list
[WARN (VERI-1221)] ../designs/bridge.v(338): 'burst' should be on the sensitivity list
[WARN (VERI-1221)] ../designs/bridge.v(339): 'DADDR' should be on the sensitivity list
[WARN (VERI-1221)] ../designs/bridge.v(340): 'DADDR' should be on the sensitivity list
[WARN (VERI-1209)] ../designs/bridge.v(340): expression size 32 truncated to fit in target size 3
[WARN (VERI-1221)] ../designs/bridge.v(341): 'DADDR' should be on the sensitivity list
[WARN (VERI-1221)] ../designs/bridge.v(344): 'lenS' should be on the sensitivity list
[WARN (VERI-1209)] ../designs/bridge.v(344): expression size 32 truncated to fit in target size 4
[WARN (VERI-1221)] ../designs/bridge.v(345): 'i' should be on the sensitivity list
[WARN (VERI-1221)] ../designs/bridge.v(374): 'lenM' should be on the sensitivity list
[WARN (VERI-1221)] ../designs/bridge.v(376): 'lenM' should be on the sensitivity list
[WARN (VERI-1221)] ../designs/bridge.v(386): 'DDATA' should be on the sensitivity list
[WARN (VERI-1221)] ../designs/bridge.v(386): 'i' should be on the sensitivity list
[WARN (VERI-9005)] ../designs/bridge.v(386): 32-bit index expression 'i' is larger than the required 4 bits. This might lead to an out-of-bound access
[WARN (VERI-1221)] ../designs/bridge.v(389): 'i' should be on the sensitivity list
[WARN (VERI-1221)] ../designs/bridge.v(392): 'lenM' should be on the sensitivity list
[WARN (VERI-1209)] ../designs/bridge.v(392): expression size 32 truncated to fit in target size 4
[WARN (VERI-1209)] ../designs/bridge.v(414): expression size 32 truncated to fit in target size 1
[WARN (VERI-1209)] ../designs/bridge.v(415): expression size 32 truncated to fit in target size 1
[WARN (VERI-1209)] ../designs/bridge.v(416): expression size 32 truncated to fit in target size 1
[WARN (VERI-1209)] ../designs/bridge.v(417): expression size 32 truncated to fit in target size 1
INFO (INL208): Elaboration synthesis summary:
  Number of synthesized netlists          4 (2 packages)
  Single run mode                         On
  Pipeline                                On (2 pipelined netlists)
  Late hierarchical reference connection  On
  Number of analyzed Verilog modules      4 (4 synthesized)
  Number of analyzed VHDL entities        0 (0 synthesized)
INFO (INL003): Clearing all state information (assumes, stopats, and so forth).
bridge
[<embedded>] % 
[<embedded>] % # Set up Clocks and Resets
[<embedded>] % clock clk
[<embedded>] % reset ~res_n
INFO (IPM031): Clearing proof results of all properties.
INFO (IRS006): Current reset condition is "res_n".
[<embedded>] % 
[<embedded>] % # Get design information to check general complexity
[<embedded>] % get_design_info
Statistics [for instance "bridge"]
--------------------------
# Flops:         1 (517) (513 property flop bits)
# Latches:       27 (356)
# Gates:         2531 (6570)
# Nets:          2612
# Ports:         34
# RTL Lines:     567
# RTL Instances: 2
# Embedded Assumptions: 6
# Embedded Assertions:  13
# Embedded Covers:      12
873
[<embedded>] % 
[<embedded>] % # Prove properties
[<embedded>] % prove -all
Ncustom1: Custom engine code is hT3Ng7hPPfiYQOTDZ3qhYOwGAM51eA+J/FjkM5shLioAsqhgLR4Ft+O1BuKG6ilQ83B9tLXSl+CwjiTMAQA
Bcustom2: Custom engine code is hT3Nm7hPr1Vp3Di1Ra2USNIGL4JypRnLKLAdF6JAyuavO2JfGCiY9OZJhcAcOUnLx5xwNdhILGrAWX9s+z2WDkKwNR7tAfClBEjRFVQeq6DU54boFgEA
AMcustom3: Custom engine code is hT3Ng7hP/feYQOTDZ3qhYOwGAM51eA+J/FjkM5shLioAsqhgLR4Ft+O1BuKG6ilQ83B9tLXSmmqwm7g9AQA
Mpcustom4: Custom engine code is hT3NZbhP9fmY2AbBQnsjfOxn6c+6e6yL+/e8fZFmaQrnlgEA
INFO (IPF036): Starting proof on task: "<embedded>", 25 properties to prove with 0 already proven/unreachable
INFO (IRS029): Starting reset analysis: phase 1 of 4.
INFO (IRS030): Running reset analysis: phase 2 of 4.
INFO (IRS031): Running reset analysis: phase 3 of 4.
INFO (IRS020): Starting the reset analysis simulation with a limit of 100 iterations (phase 4 of 4).
INFO (IRS024): Reset iterations 0 to 9 analyzed.
INFO (IRS024): Reset iterations 10 to 19 analyzed.
INFO (IRS024): Reset iterations 20 to 22 analyzed.
INFO (IRS018): Reset analysis simulation executed for 21 iterations. Assigned values for 4 of 4 design flops, 67 of 356 design latches, 540 of 543 internal elements.
INFO (IRS039): Reset analysis complete.
INFO (IPF031): Settings used for proof thread 0:
    orchestration                 = on
    time_limit                    = 86400s
    per_property_time_limit       = 1s * 10 ^ scan
    engine_mode                   = auto
    proofgrid_per_engine_max_jobs = 1
    max engine jobs               = auto
    proofgrid_mode                = local
    proofgrid_restarts            = 10
0: Using multistage preprocessing
0: Starting reduce
AMcustom5: Custom engine code is hT3N1rhP11/52HrFRS21ROp2LOjVTgPvT8L8BGXHgLhaIuqtT4nARFjUqrBL+7pLmaTOzBepZW/Jm8SSrHDybSQtoNiO3y43wk+dEoWlsZizu97Fih6O6lPVG/LpWP5SsUPwlGagLNa1FKEFvwVXyX7//8prySbvSxIHXr5er+z4RAEA
Ncustom6: Custom engine code is hT3OXrhPByJp3TrFSTLhUmMH4KVtJgmTCnNDF46yMXOKY48m4LS5nE7yBzFjA7kDuwO/GhGUpEPiky3p3wmPn3dJZHxFMsafSoObRzSC+tn7sEY0WbTdZ/FV4hL3MYH/b1CIUvXSWR4wqEoVLsmMOD4xIPT4lI1LO6ZCO7PnnWQuLwetnvKlrXx6wCW/A+x+enqslg1YPobi4wEF/EvbzOvcTYdJvl2s4H2yZg2b2ofAVN5WvhWk1HoBAA
ADcustom7: Custom engine code is hT3Nv7hPv1752HrFRa2kROx2f/ECJeZB2AZsLdlO8VwmIuqtT4nIDFXclhg+O+o+DMmQCekbheGk0kK28laA9gaOFDXsQp29J3X615HY1IPHJWd6FUFvCHjO+p1k652b5JJvZlShNpGlGSXAiQe/mEAj6tEBAA
Tricustom8: Custom engine code is hT3Nu7hPt1752DvFRa0kNDiyIV97VyejwM9C/jCLJjdPvusZONHY42VYUy0Q1ZotnhcVtNc56tJ5wbxv6V2+XpdsaSlHck5vfnbYjdwj1OECy9U+7oSQ0SZE3g5ayD+Phuh4odCJTjeKa2k4elM9ldQfkAEA
Gcustom9: Custom engine code is hT3NibhPDfeYQADBZnYcglOvK9Pfd7EOeniIqP8jNsyIqInncipMGcUXqAadachREE9F2PwhBUZUNw5kHnd4JdXkamORRgEA
C2custom10: Custom engine code is hT3NirhPjfWYQADBZnYcglOvK9Pfd7EOeniIqP8jNsyIqInncgkrYMMXCYbdK0dUjZIF9d4cJ0rHoBDjwVLBKuG86XYVV00BAA
AGcustom11: Custom engine code is hT3NirhP/fmYQADBZnYcglOvK9Pfd7EOeniIqP8jNsyIqInnckcwYMMXCYbdK0dUjZIF9d4cJ0rHoBDjwVLBKuHEZnZByh0BAA
Bcustom12: Custom engine code is hT3NjrhPDfiYQADBZnYcglOvK9PfWxFtenjIyBqfrgr7if/jL/yPOuK1BAflEcW0DxNH2eDIoezN2gxlQFg81RZtiWXh7aiTAidvAQA
Ncustom13: Custom engine code is hT3NR7hPByFp3TrFSTLhUmMH4KWtJglTyV/c51BHEeZWamnJv767nE6PCak26bd3gf3XGN3rIRheufhDieCJQVISo+gNYUKhiUedBKGtsP/a18svAnlMJZudHxDFwK5ufsyoxsIyiAeSY2oi3tEuoDHr5gw42DFKAG3PqO3CEsl8Azzdt3pl5nGA1Ifv2H02eYsFzWb/nfp8PMb3F0krE/EgBcm8TD9Div8BAA
Tricustom14: Custom engine code is hT3Nu7hP3fiYQADBZnYcglNHp9bfd7EOeniIqP/ji8sGLQu8yhsFO+wxJ+O+R0bU8g/IewXFomyos+viQnWc2xYNYmMqpo3i40O7DaZR7qfp4YqNx26KRvQ/qx0BAA
0: Finished reduce in 0.002s
0.0.PRE: Performing Proof Simplification...
0.0.N: clocks: 26, declared: 1, looping: 0, posedge: 26, negedge: 0, noedge: 0, bothedge: 0
0.0.N: Proof Simplification Iteration 1	[0.00 s]
0.0.N: Proof Simplification Iteration 2	[0.00 s]
0.0.N: Proof Simplification Iteration 3	[0.00 s]
0.0.N: Proof Simplification Iteration 4	[0.00 s]
0.0.N: Proof Simplification Iteration 5	[0.00 s]
0.0.N: Proof Simplification Iteration 6	[0.00 s]
0.0.N: Proof Simplification Iteration 7	[0.01 s]
0.0.N: Proof Simplification Iteration 8	[0.01 s]
0.0.N: Proof Simplification Iteration 9	[0.01 s]
0.0.N: Proof Simplification Iteration 10	[0.01 s]
0.0.N: Proof Simplification Iteration 11	[0.01 s]
0.0.N: Proof Simplification Iteration 12	[0.01 s]
0.0.N: Proof Simplification Iteration 13	[0.01 s]
0.0.N: Proof Simplification Iteration 14	[0.01 s]
0.0.N: Proof Simplification Iteration 15	[0.01 s]
0.0.N: Proof Simplification Iteration 16	[0.01 s]
0.0.N: Proof Simplification Iteration 17	[0.02 s]
0.0.N: Proof Simplification Iteration 18	[0.02 s]
0.0.N: Proof Simplification Iteration 19	[0.02 s]
0.0.N: Proof Simplification Iteration 20	[0.02 s]
0.0.N: Proof Simplification Iteration 21	[0.02 s]
0.0.N: Proof Simplification Iteration 22	[0.02 s]
0.0.N: Proof Simplification Iteration 23	[0.02 s]
0.0.PRE: Proof Simplification completed in 0.03 s
0.0.N: Identified and disabled 2 duplicated targets.
0: About to start ProofGrid in its own thread with a limit of 10000 pending notifications and a limit of 10 traces.
0: =============================== ProofGrid start ===============================
0: ProofGrid usable level: 23
0: Initial ProofGrid level: 1
0: ProofGrid is starting event handling
0.0.Hp: Proofgrid shell started at 2424729@cadpc02(local) jg_2424616_cadpc02_1
0.0.Hp: clocks: 1, declared: 1, looping: 0, posedge: 1, negedge: 0, noedge: 0, bothedge: 0
0.0.N: Proofgrid shell started at 2424728@cadpc02(local) jg_2424616_cadpc02_1
0.0.Hp: A proof was found: No trace exists. [0.01 s]
INFO (IPF057): 0.0.Hp: The property "bridge.i_bridge_env_safety.a_no_simul_rw_same_addr" was proven in 0.00 s.
0.0.Hp: A proof was found: No trace exists. [0.01 s]
INFO (IPF057): 0.0.Hp: The property "bridge.i_bridge_env_safety.a_pen_without_psel" was proven in 0.01 s.
0.0.Hp: A proof was found: No trace exists. [0.01 s]
INFO (IPF057): 0.0.Hp: The property "bridge.i_bridge_env_safety.a_fsm_valid_state" was proven in 0.01 s.
0.0.N: clocks: 1, declared: 1, looping: 0, posedge: 1, negedge: 0, noedge: 0, bothedge: 0
0.0.N: Next scan (0) will use per property time limit: 1s * 10 ^ 0 = 1s
0.0.N: Starting proof for property "bridge.i_bridge_env_safety._assume_4:precondition1"	[0.00 s].
0.0.Hp: A proof was found: No trace exists. [0.01 s]
INFO (IPF057): 0.0.Hp: The property "bridge.i_bridge_env_safety.a_psel_onehot" was proven in 0.01 s.
0.0.Hp: A proof was found: No trace exists. [0.01 s]
INFO (IPF057): 0.0.Hp: The property "bridge.i_bridge_env_safety.a_rvalid_has_origin" was proven in 0.01 s.
0.0.Hp: A proof was found: No trace exists. [0.01 s]
INFO (IPF057): 0.0.Hp: The property "bridge.i_bridge_env_safety.a_rlast_matches_len" was proven in 0.01 s.
0.0.Hp: A proof was found: No trace exists. [0.01 s]
INFO (IPF057): 0.0.Hp: The property "bridge.i_bridge_env_safety.a_wlast_matches_len" was proven in 0.01 s.
0.0.N: Trace Attempt  1	[0.00 s]
0.0.N: Trace Attempt  2	[0.00 s]
0.0.N: Trace Attempt  2	[0.00 s]
0.0.N: A trace with 2 cycles was found. [0.00 s]
INFO (IPF047): 0.0.N: The cover property "bridge.i_bridge_env_safety._assume_4:precondition1" was covered in 2 cycles in 0.08 s.
INFO (IPF047): 0.0.N: The cover property "bridge.i_bridge_env_safety._assume_6:precondition1" was covered in 2 cycles in 0.08 s by the incidental trace "bridge.i_bridge_env_safety._assume_4:precondition1".
INFO (IPF047): 0.0.N: The cover property "bridge.i_bridge_env_safety.a_psel_penable_seq:precondition1" was covered in 2 cycles in 0.08 s by the incidental trace "bridge.i_bridge_env_safety._assume_4:precondition1".
0.0.N: Stopped processing property "bridge.i_bridge_env_safety._assume_4:precondition1"	[0.10 s].
0.0.N: Starting proof for property "bridge.i_bridge_env_safety._assume_5:precondition1"	[0.00 s].
0.0.N: Trace Attempt  1	[0.00 s]
0.0.N: Trace Attempt  2	[0.00 s]
0.0.N: Trace Attempt  2	[0.00 s]
0.0.N: A trace with 2 cycles was found. [0.00 s]
INFO (IPF047): 0.0.N: The cover property "bridge.i_bridge_env_safety._assume_5:precondition1" was covered in 2 cycles in 0.00 s.
0.0.N: Stopped processing property "bridge.i_bridge_env_safety._assume_5:precondition1"	[0.02 s].
0.0.N: Starting proof for property "bridge.i_bridge_env_safety.a_p_pwrite_pwd_stable"	[0.00 s].
0.0.N: Trace Attempt  1	[0.00 s]
0.0.N: Trace Attempt  2	[0.00 s]
0.0.N: Trace Attempt  2	[0.00 s]
0.0.N: Trace Attempt  3	[0.01 s]
0.0.N: Trace Attempt  3	[0.01 s]
0.0.N: Trace Attempt  4	[0.01 s]
0.0.N: Trace Attempt  5	[0.01 s]
0.0.Hp: A proof was found: No trace exists. [0.04 s]
INFO (IPF057): 0.0.Hp: The property "bridge.i_bridge_env_safety.a_p_pwrite_pwd_stable" was proven in 0.12 s.
0.0.Hp: A proof was found: No trace exists. [0.04 s]
INFO (IPF057): 0.0.Hp: The property "bridge.i_bridge_env_safety.a_psel_penable_seq" was proven in 0.12 s.
0.0.Hp: A proof was found: No trace exists. [0.04 s]
INFO (IPF057): 0.0.Hp: The property "bridge.i_bridge_env_safety.a_psel_stable_until_pready" was proven in 0.12 s.
0.0.Hp: A proof was found: No trace exists. [0.04 s]
INFO (IPF057): 0.0.Hp: The property "bridge.i_bridge_env_safety.a_paddr_ctrl_stable" was proven in 0.12 s.
0.0.Hp: Trace Attempt  1	[0.04 s]
0.0.Hp: Trace Attempt  2	[0.04 s]
0.0.N: Trace Attempt  7	[0.03 s]
0.0.N: Stopped processing property "bridge.i_bridge_env_safety.a_p_pwrite_pwd_stable"	[0.00 s].
0.0.N: Starting proof for property "bridge.i_bridge_env_safety.a_p_pwrite_pwd_stable:precondition1"	[0.00 s].
0.0.N: Trace Attempt  1	[0.00 s]
0.0.N: Trace Attempt  2	[0.00 s]
0.0.N: Trace Attempt  2	[0.00 s]
0.0.N: Trace Attempt  3	[0.00 s]
0.0.N: Trace Attempt  4	[0.00 s]
0.0.N: Trace Attempt  5	[0.00 s]
0.0.N: Trace Attempt  5	[0.01 s]
0.0.N: Trace Attempt  6	[0.01 s]
0.0.N: A trace with 6 cycles was found. [0.01 s]
INFO (IPF047): 0.0.N: The cover property "bridge.i_bridge_env_safety.a_p_pwrite_pwd_stable:precondition1" was covered in 6 cycles in 0.00 s.
INFO (IPF047): 0.0.N: The cover property "bridge.i_bridge_env_safety.a_wlast_matches_len:precondition1" was covered in 4 cycles in 0.00 s by the incidental trace "bridge.i_bridge_env_safety.a_p_pwrite_pwd_stable:precondition1".
0.0.N: Stopped processing property "bridge.i_bridge_env_safety.a_p_pwrite_pwd_stable:precondition1"	[0.01 s].
0.0.N: Starting proof for property "bridge.i_bridge_env_safety.a_sample_prdata_only_on_pready"	[0.00 s].
0.0.N: Trace Attempt  1	[0.00 s]
0.0.N: Trace Attempt  2	[0.00 s]
0.0.N: Trace Attempt  3	[0.00 s]
0.0.N: Trace Attempt  3	[0.00 s]
0.0.N: Trace Attempt  4	[0.00 s]
0.0.N: Trace Attempt  4	[0.01 s]
0.0.N: Trace Attempt  5	[0.01 s]
0.0.Hp: Trace Attempt  3	[0.07 s]
0.0.Hp: A trace with 3 cycles was found. [0.07 s]
INFO (IPF047): 0.0.Hp: The cover property "bridge.i_bridge_env_safety.a_sample_prdata_only_on_pready:precondition1" was covered in 3 cycles in 0.14 s.
0.0.Hp: A trace with 3 cycles was found. [0.07 s]
INFO (IPF047): 0.0.Hp: The cover property "bridge.i_bridge_env_safety.a_psel_stable_until_pready:precondition1" was covered in 3 cycles in 0.15 s.
INFO (IPF047): 0.0.Hp: The cover property "bridge.i_bridge_env_safety.a_paddr_ctrl_stable:precondition1" was covered in 3 cycles in 0.15 s.
INFO (IPF047): 0.0.Hp: The cover property "bridge.i_bridge_env_safety.a_lenS_no_underflow:precondition1" was covered in 3 cycles in 0.15 s.
0: ProofGrid is temporarily paused because there are too many pending traces.
0: ProofGrid is resuming to work after pausing for 0s. The amount of pending traces decreased.
0.0.Hp: A trace with 3 cycles was found. [0.07 s]
INFO (IPF055): 0.0.Hp: A counterexample (cex) with 3 cycles was found for the property "bridge.i_bridge_env_safety.a_lenS_no_underflow" in 0.17 s.
0.0.Ht: Proofgrid shell started at 2424760@cadpc02(local) jg_2424616_cadpc02_1
0.0.Bm: Proofgrid shell started at 2424761@cadpc02(local) jg_2424616_cadpc02_1
0.0.Mpcustom4: Proofgrid shell started at 2424762@cadpc02(local) jg_2424616_cadpc02_1
0.0.Oh: Proofgrid shell started at 2424763@cadpc02(local) jg_2424616_cadpc02_1
0.0.L: Proofgrid shell started at 2424764@cadpc02(local) jg_2424616_cadpc02_1
0.0.B: Proofgrid shell started at 2424765@cadpc02(local) jg_2424616_cadpc02_1
0.0.AM: Proofgrid shell started at 2424766@cadpc02(local) jg_2424616_cadpc02_1
0.0.N: Trace Attempt  5	[0.02 s]
0.0.Hp: Trace Attempt  4	[0.09 s]
0.0.Hp: Trace Attempt  5	[0.11 s]
0.0.Ht: clocks: 1, declared: 1, looping: 0, posedge: 1, negedge: 0, noedge: 0, bothedge: 0
0.0.Mpcustom4: clocks: 1, declared: 1, looping: 0, posedge: 1, negedge: 0, noedge: 0, bothedge: 0
0.0.Oh: clocks: 1, declared: 1, looping: 0, posedge: 1, negedge: 0, noedge: 0, bothedge: 0
0.0.L: clocks: 1, declared: 1, looping: 0, posedge: 1, negedge: 0, noedge: 0, bothedge: 0
0.0.Bm: clocks: 1, declared: 1, looping: 0, posedge: 1, negedge: 0, noedge: 0, bothedge: 0
0.0.B: clocks: 1, declared: 1, looping: 0, posedge: 1, negedge: 0, noedge: 0, bothedge: 0
0.0.AM: clocks: 1, declared: 1, looping: 0, posedge: 1, negedge: 0, noedge: 0, bothedge: 0
0.0.L: Using trace diversification with seed 1 (0.05)
0.0.L: Using LRU state removal heuristic
0.0.B: Next scan (0) will use per property time limit: 1s * 10 ^ 0 = 1s
0.0.B: Starting proof for property "bridge.i_bridge_env_safety.a_sample_prdata_only_on_pready"	[0.00 s].
0.0.AM: Next scan (0) will use per property time limit: 1s * 10 ^ 0 = 1s
0.0.AM: Starting proof for property "bridge.i_bridge_env_safety.a_sample_prdata_only_on_pready"	[0.00 s].
0.0.L: Using states from traces to { (reset) }
0.0.Bm: Trace Attempt  1	[0.00 s]
0.0.Ht: Trace Attempt  1	[0.00 s]
0.0.Ht: Trace Attempt  2	[0.00 s]
0.0.Mpcustom4: Trace Attempt  1	[0.00 s]
0.0.Ht: Trace Attempt  3	[0.00 s]
0.0.Ht: Trace Attempt  4	[0.00 s]
0.0.Ht: Trace Attempt  5	[0.00 s]
0.0.Bm: Trace Attempt  2	[0.00 s]
0.0.B: Trace Attempt  1	[0.00 s]
0.0.Mpcustom4: Trace Attempt  2	[0.00 s]
0.0.AM: Trace Attempt  1	[0.00 s]
0.0.B: Trace Attempt  2	[0.00 s]
0.0.L: Trace Attempt  3	[0.01 s]
0.0.Bm: Trace Attempt  3	[0.01 s]
0.0.AM: Trace Attempt  2	[0.01 s]
0.0.AM: Trace Attempt  3	[0.01 s]
0.0.B: Trace Attempt  3	[0.01 s]
0.0.Oh: bwd trail(1): 1 0.00978858s
0.0.Bm: Trace Attempt  4	[0.01 s]
0.0.Oh: All properties either determined or skipped. [0.01 s]
0.0.Oh: Exited with Success (@ 0.13 s)
0.0.Oh: Completed, Restart ignored.
0: ProofGrid usable level: 3
0.0.AM: Trace Attempt  4	[0.01 s]
0.0.Bm: Trace Attempt  5	[0.02 s]
0.0.B: Trace Attempt  4	[0.02 s]
0.0.L: Using states from traces to { bridge.i_bridge_env_safety._assume_4:precondition1 (2) }
0.0.AM: Trace Attempt  5	[0.02 s]
0.0.L: Trace Attempt  3	[0.03 s]
0.0.L: Using states from traces to { bridge.i_bridge_env_safety.a_sample_prdata_only_on_pready:precondition1 (3) }
0.0.B: Trace Attempt  5	[0.03 s]
0.0.L: Trace Attempt  3	[0.03 s]
0.0.Mpcustom4: Trace Attempt  3	[0.04 s]
0.0.L: Using states from traces to { bridge.i_bridge_env_safety.a_psel_stable_until_pready:precondition1 (4) }
0.0.Mpcustom4: Trace Attempt  4	[0.04 s]
0.0.L: Trace Attempt  3	[0.04 s]
0.0.Mpcustom4: Trace Attempt  3	[0.04 s]
0.0.Mpcustom4: Trace Attempt  4	[0.04 s]
0.0.Mpcustom4: Trace Attempt  4	[0.04 s]
0.0.L: Trace Attempt  4	[0.04 s]
0.0.Mpcustom4: Trace Attempt  5	[0.04 s]
0.0.L: Trace Attempt  5	[0.05 s]
0.0.Mpcustom4: Validation of fixpoint was successful. Time = 0.00
0.0.Mpcustom4: Trace Attempt  7	[0.05 s]
0.0.Mpcustom4: A proof was found: No trace exists. [0.05 s]
INFO (IPF051): 0.0.Mpcustom4: The cover property "bridge.i_bridge_env_safety.a_rlast_matches_len:precondition1" was proven unreachable in 0.00 s.
0.0.Mpcustom4: Trace Attempt  6	[0.05 s]
0.0.Mpcustom4: Validation of fixpoint was successful. Time = 0.00
0.0.Mpcustom4: Trace Attempt 15	[0.06 s]
0.0.Mpcustom4: A proof was found: No trace exists. [0.06 s]
INFO (IPF051): 0.0.Mpcustom4: The cover property "bridge.i_bridge_env_safety.a_rvalid_has_origin:precondition1" was proven unreachable in 0.00 s.
0.0.Ht: Last scan. Per property time limit: 0s
0.0.Mpcustom4: All properties either determined or skipped. [0.07 s]
0.0.Bm: Last scan. Per property time limit: 0s
0.0.Bm: Trace Attempt  1	[0.00 s]
0.0.Bm: Trace Attempt  2	[0.00 s]
0.0.Mpcustom4: Exited with Success (@ 0.19 s)
0.0.Mpcustom4: Completed, Restart ignored.
0: ProofGrid usable level: 1
0.0.Bm: Trace Attempt  3	[0.01 s]
0.0.Ht: Trace Attempt  1	[0.01 s]
0.0.Ht: Trace Attempt  2	[0.01 s]
0.0.Ht: Trace Attempt  3	[0.01 s]
0.0.Ht: Trace Attempt  4	[0.01 s]
0.0.Ht: Trace Attempt  5	[0.01 s]
0.0.Bm: Trace Attempt  4	[0.01 s]
0.0.Bm: Trace Attempt  5	[0.02 s]
0.0.Hp: Last scan. Per property time limit: 0s
0.0.Hp: Trace Attempt  1	[0.01 s]
0.0.Hp: Trace Attempt  2	[0.01 s]
0.0.Hp: Trace Attempt  3	[0.02 s]
0.0.Hp: Trace Attempt  4	[0.03 s]
0.0.Hp: Trace Attempt  5	[0.04 s]
0.0.L: Overconstrained local search, searching for dead end trace with 5 - 26 cycles
0.0.L: Trace Attempt  5	[0.15 s]
0.0.L: Trace Attempt 25	[0.16 s]
0.0.L: A trace with 25 cycles was found. [0.16 s]
INFO (IPF155): 0.0.L: A dead end state was reached after 25 cycles in task "<embedded>" in 0.08 s.
    Use check_assumptions -show -dead_end to show this property in the property table.
0.0.L: Overconstrained local search, discarded 1 start state(s) and retrying
0.0.L: Using states from traces to { bridge.i_bridge_env_safety.a_sample_prdata_only_on_pready:precondition1 (3) }
0.0.L: Trace Attempt  3	[0.16 s]
0.0.L: Trace Attempt  4	[0.16 s]
0.0.L: Trace Attempt  5	[0.17 s]
0.0.L: Overconstrained local search, discarded 1 start state(s) and retrying
0.0.L: Using states from traces to { bridge.i_bridge_env_safety._assume_4:precondition1 (2) }
0.0.L: Trace Attempt  3	[0.27 s]
0.0.L: Using states from traces to { bridge.i_bridge_env_safety.a_lenS_no_underflow <3> }
0.0.L: Trace Attempt  3	[0.28 s]
0.0.L: Trace Attempt  4	[0.28 s]
0.0.L: Trace Attempt  5	[0.28 s]
0.0.L: Overconstrained local search, discarded 1 start state(s) and retrying
0.0.L: Using states from traces to { bridge.i_bridge_env_safety._assume_4:precondition1 (2) }
0.0.L: Trace Attempt  3	[0.39 s]
0.0.L: Trace Attempt  4	[0.39 s]
0.0.L: Using states from traces to { bridge.i_bridge_env_safety._assume_5:precondition1 (4) }
0.0.L: Trace Attempt  3	[0.40 s]
0.0.L: Trace Attempt  4	[0.40 s]
0.0.L: Using states from traces to { bridge.i_bridge_env_safety.a_wlast_matches_len:precondition1 (6) }
0.0.L: Trace Attempt  3	[0.41 s]
0.0.L: Trace Attempt  4	[0.41 s]
0.0.L: Ignoring liveness properties
0.0.L: All properties either determined or skipped. [0.41 s]
0.0.L: Exited with Success (@ 0.54 s)
0.0.L: Completed, Restart ignored.
0.0.AM: Trace Attempt  1	[0.86 s]
0.0.AM: Trace Attempt  2	[0.87 s]
0.0.AM: Trace Attempt  3	[0.87 s]
0.0.AM: Trace Attempt  4	[0.88 s]
0.0.AM: Trace Attempt  5	[0.90 s]
0.0.N: Trace Attempt  1	[0.98 s]
0.0.N: Trace Attempt  2	[0.99 s]
0.0.N: Trace Attempt  3	[0.99 s]
0.0.N: Trace Attempt  5	[1.00 s]
0.0.N: Per property time limit expired (1.00 s) [1.00 s]
0.0.N: Stopped processing property "bridge.i_bridge_env_safety.a_sample_prdata_only_on_pready"	[0.92 s].
0.0.N: Last scan. Per property time limit: 0s
0.0.N: Starting proof for property "bridge.i_bridge_env_safety.a_sample_prdata_only_on_pready"	[0.00 s].
0.0.AM: Trace Attempt  6	[0.91 s]
0.0.AM: Stopped processing property "bridge.i_bridge_env_safety.a_sample_prdata_only_on_pready"	[0.87 s].
0.0.AM: Last scan. Per property time limit: 0s
0.0.AM: Starting proof for property "bridge.i_bridge_env_safety.a_sample_prdata_only_on_pready"	[0.00 s].
0.0.AM: Trace Attempt  1	[0.00 s]
0.0.AM: Trace Attempt  2	[0.00 s]
0.0.AM: Trace Attempt  3	[0.01 s]
0.0.AM: Trace Attempt  4	[0.01 s]
0.0.AM: Trace Attempt  5	[0.01 s]
0.0.B: Trace Attempt 86	[0.93 s]
0.0.B: Stopped processing property "bridge.i_bridge_env_safety.a_sample_prdata_only_on_pready"	[0.89 s].
0.0.B: Last scan. Per property time limit: 0s
0.0.B: Starting proof for property "bridge.i_bridge_env_safety.a_sample_prdata_only_on_pready"	[0.00 s].
0.0.B: Trace Attempt  1	[0.00 s]
0.0.B: Trace Attempt  2	[0.00 s]
0.0.B: Trace Attempt  3	[0.01 s]
0.0.B: Trace Attempt  4	[0.01 s]
0.0.B: Trace Attempt  5	[0.02 s]
0.0.N: Trace Attempt  1	[0.28 s]
0.0.N: Trace Attempt  2	[0.29 s]
0.0.N: Trace Attempt  3	[0.29 s]
0.0.N: Trace Attempt  5	[0.29 s]
0.0.AM: Trace Attempt  1	[0.78 s]
0.0.AM: Trace Attempt  2	[0.79 s]
0.0.AM: Trace Attempt  3	[0.79 s]
0.0.AM: Trace Attempt  4	[0.80 s]
0.0.AM: Trace Attempt  5	[0.82 s]
0.0.N: Validation of fixpoint was successful. Time = 0.00
0.0.N: Requesting engine job to terminate
0.0.B: Requesting engine job to terminate
0.0.AM: Requesting engine job to terminate
0.0.Hp: Requesting engine job to terminate
0.0.Ht: Requesting engine job to terminate
0.0.Bm: Requesting engine job to terminate
INFO (IPF144): 0: Initiating shutdown of proof [3.20 s]
0.0.N: Trace Attempt 27	[2.07 s]
0.0.N: A proof was found: No trace exists. [2.14 s]
INFO (IPF057): 0.0.N: The property "bridge.i_bridge_env_safety.a_sample_prdata_only_on_pready" was proven in 2.14 s.
0.0.N: Stopped processing property "bridge.i_bridge_env_safety.a_sample_prdata_only_on_pready"	[2.14 s].
0.0.N: All properties determined. [2.14 s]
0.0.AM: Trace Attempt 22	[1.90 s]
0.0.AM: Stopped processing property "bridge.i_bridge_env_safety.a_sample_prdata_only_on_pready"	[2.14 s].
0.0.N: Exited with Success (@ 3.21 s)
0: ProofGrid usable level: 0
0.0.AM: All properties determined. [2.14 s]
0.0.Hp: Trace Attempt 24	[2.56 s]
0.0.Hp: All properties determined. [3.03 s]
0.0.AM: Exited with Success (@ 3.24 s)
0.0.Ht: Trace Attempt 90	[2.92 s]
0.0.Ht: All properties determined. [3.05 s]
0.0.B: Trace Attempt 188	[2.12 s]
0.0.B: Stopped processing property "bridge.i_bridge_env_safety.a_sample_prdata_only_on_pready"	[2.16 s].
0.0.B: All properties determined. [2.17 s]
0.0.Ht: Exited with Success (@ 3.25 s)
0.0.B: Exited with Success (@ 3.26 s)
0.0.Bm: Trace Attempt 250	[3.00 s]
0.0.Bm: All properties determined. [3.07 s]
0.0.Bm: Exited with Success (@ 3.27 s)
0.0.Hp: Exited with Success (@ 3.27 s)
0: --------------------------------------------------------------
ProofGrid Summary (utilization 95.40 %)
--------------------------------------------------------------
     engines started                               :     9
     engine jobs started                           :     9

    Average time in state (seconds)
    ------------------------------------------------------
    Engine  Pending     Running        Dead    Utilization
    ------------------------------------------------------
      N        0.08        3.19        0.00       97.69 %
     Hp        0.06        3.20        0.00       98.12 %
     Ht        0.12        3.08        0.00       96.30 %
     Bm        0.12        3.08        0.00       96.39 %
    Mpcustom4        0.11        0.07        0.00       38.09 %
     Oh        0.11        0.01        0.00       10.32 %
      L        0.11        0.42        0.00       78.96 %
      B        0.11        3.08        0.00       96.57 %
     AM        0.11        3.08        0.00       96.60 %
    all        0.10        2.14        0.00       95.40 %

    Total time in state (seconds)
    -----------------------------------------
            Pending     Running        Dead  
    -----------------------------------------
               0.93       19.22        0.00

    Data read    : 129.89 kiB
    Data written : 18.34 kiB

0: All pending notifications were processed.
INFO (IPF059): 0: Completed proof on task: "<embedded>"

==============================================================
SUMMARY
==============================================================
           Properties Considered              : 25
                 assertions                   : 13
                  - proven                    : 12 (92.3077%)
                  - bounded_proven (user)     : 0 (0%)
                  - bounded_proven (auto)     : 0 (0%)
                  - marked_proven             : 0 (0%)
                  - cex                       : 1 (7.69231%)
                  - ar_cex                    : 0 (0%)
                  - undetermined              : 0 (0%)
                  - unknown                   : 0 (0%)
                  - error                     : 0 (0%)
                 covers                       : 12
                  - unreachable               : 2 (16.6667%)
                  - bounded_unreachable (user): 0 (0%)
                  - covered                   : 10 (83.3333%)
                  - ar_covered                : 0 (0%)
                  - undetermined              : 0 (0%)
                  - unknown                   : 0 (0%)
                  - error                     : 0 (0%)
determined
[<embedded>] % 
[<embedded>] % # Report proof results
[<embedded>] % report

==============================================================
    Jasper Verification Results
==============================================================
    2024.06p002 64 bits for Linux64 3.10.0-1160.21.1.el7.x86_64
    Host Name: cadpc02.ee.columbia.edu
    User Name: vg2651
    Printed on: Saturday, Dec20, 2025 09:25:24 AM EST
    Working Directory: /homes/user/stud/fall25/vg2651/axi2apb/FPV


==============================================================
RESULTS
==============================================================

------------------------------------------------------------------------------------------------------------------------------------
       Name                                                                        |    Result    |  Engine  |  Bound  |  Time    
------------------------------------------------------------------------------------------------------------------------------------

---[ <embedded> ]-------------------------------------------------------------------------------------------------------------------
[1]   bridge.i_bridge_env_safety._assume_4:precondition1                                covered         N             2    0.083 s      
[2]   bridge.i_bridge_env_safety._assume_5:precondition1                                covered         N             2    0.002 s      
[3]   bridge.i_bridge_env_safety._assume_6:precondition1                                covered         N             2    0.083 s      
[4]   bridge.i_bridge_env_safety.a_no_simul_rw_same_addr                                proven          Hp     Infinite    0.005 s      
[5]   bridge.i_bridge_env_safety.a_pen_without_psel                                     proven          Hp     Infinite    0.006 s      
[6]   bridge.i_bridge_env_safety.a_p_pwrite_pwd_stable                                  proven          Hp     Infinite    0.119 s      
[7]   bridge.i_bridge_env_safety.a_p_pwrite_pwd_stable:precondition1                    covered         N             6    0.001 s      
[8]   bridge.i_bridge_env_safety.a_sample_prdata_only_on_pready                         proven          N          (33)    2.138 s      
[9]   bridge.i_bridge_env_safety.a_sample_prdata_only_on_pready:precondition1           covered         Hp            3    0.138 s      
[10]  bridge.i_bridge_env_safety.a_fsm_valid_state                                      proven          Hp     Infinite    0.006 s      
[11]  bridge.i_bridge_env_safety.a_psel_penable_seq                                     proven          Hp     Infinite    0.119 s      
[12]  bridge.i_bridge_env_safety.a_psel_penable_seq:precondition1                       covered         N             2    0.083 s      
[13]  bridge.i_bridge_env_safety.a_psel_stable_until_pready                             proven          Hp     Infinite    0.119 s      
[14]  bridge.i_bridge_env_safety.a_psel_stable_until_pready:precondition1               covered         Hp            3    0.154 s      
[15]  bridge.i_bridge_env_safety.a_psel_onehot                                          proven          Hp     Infinite    0.007 s      
[16]  bridge.i_bridge_env_safety.a_paddr_ctrl_stable                                    proven          Hp     Infinite    0.120 s      
[17]  bridge.i_bridge_env_safety.a_paddr_ctrl_stable:precondition1                      covered         Hp            3    0.154 s      
[18]  bridge.i_bridge_env_safety.a_rvalid_has_origin                                    proven          Hp     Infinite    0.007 s      
[19]  bridge.i_bridge_env_safety.a_rvalid_has_origin:precondition1                      unreachable     Mpcustom4  Infinite  0.004 s    
[20]  bridge.i_bridge_env_safety.a_rlast_matches_len                                    proven          Hp     Infinite    0.008 s      
[21]  bridge.i_bridge_env_safety.a_rlast_matches_len:precondition1                      unreachable     Mpcustom4  Infinite  0.003 s    
[22]  bridge.i_bridge_env_safety.a_wlast_matches_len                                    proven          Hp     Infinite    0.008 s      
[23]  bridge.i_bridge_env_safety.a_wlast_matches_len:precondition1                      covered         N         3 - 4    0.001 s      
[24]  bridge.i_bridge_env_safety.a_lenS_no_underflow                                    cex             Hp            3    0.171 s      
[25]  bridge.i_bridge_env_safety.a_lenS_no_underflow:precondition1                      covered         Hp            3    0.154 s      

==============================================================
ASSUMPTIONS
==============================================================

-------------------------------------------------------------------------------
       Name    |  Expression  |  Location     |  Status      |  Dependencies                  
-------------------------------------------------------------------------------
[1]   <embedded>::bridge.i_bridge_env_safety._assume_1  i_bridge_env_safety._assume_1  N/A temporary
[2]   <embedded>::bridge.i_bridge_env_safety._assume_2  i_bridge_env_safety._assume_2  N/A temporary
[3]   <embedded>::bridge.i_bridge_env_safety._assume_3  i_bridge_env_safety._assume_3  N/A temporary
[4]   <embedded>::bridge.i_bridge_env_safety._assume_4  i_bridge_env_safety._assume_4  N/A temporary
[5]   <embedded>::bridge.i_bridge_env_safety._assume_5  i_bridge_env_safety._assume_5  N/A temporary
[6]   <embedded>::bridge.i_bridge_env_safety._assume_6  i_bridge_env_safety._assume_6  N/A temporary
[<embedded>] % 
INFO (IPL005): Received request to exit from the console.
INFO (IPL014): Waiting for the Tcl-thread to exit.
INFO: Waiting for proof threads to stop...
INFO: Proof threads stopped.
INFO (IPL018): The peak resident set memory use for this session was 0.456 GB.
INFO (IPL015): The Tcl-thread exited with status 0.
INFO (IPL016): Exiting the analysis session with status 0.
