2025-12-12 15:03:44.137407 (1185821) main____ INFO    ----------------------------------------
2025-12-12 15:03:44.137439 (1185821) main____ INFO    Jasper version info
2025-12-12 15:03:44.137443 (1185821) main____ INFO      tool      : Jasper 2024.06
2025-12-12 15:03:44.137446 (1185821) main____ INFO      version   : 2024.06p002 64 bits
2025-12-12 15:03:44.137449 (1185821) main____ INFO      build date: 2024.09.02 16:28:38 UTC
2025-12-12 15:03:44.137450 (1185821) main____ INFO    ----------------------------------------
2025-12-12 15:03:44.137451 (1185821) main____ INFO    Runtime info:
2025-12-12 15:03:44.138467 (1185821) main____ INFO      platform  : Linux 4.18.0-553.89.1.el8_10.x86_64 x86_64
2025-12-12 15:03:44.138487 (1185821) main____ INFO      hostname  : cadpc03
2025-12-12 15:03:44.138502 (1185821) main____ INFO      pid       : 1185821
2025-12-12 15:03:44.138511 (1185821) main____ INFO      arguments : '-style' 'windows' '-fpv' 'FPV_axiapb.tcl'
2025-12-12 15:03:44.138523 (1185821) main____ INFO      locale    : UTF-8
2025-12-12 15:03:44.138542 (1185821) main____ INFO    ----------------------------------------
2025-12-12 15:03:44.138543 (1185821) main____ INFO    System resource limits info:
2025-12-12 15:03:44.138545 (1185821) main____ INFO      virtual memory: unlimited
2025-12-12 15:03:44.138547 (1185821) main____ INFO      cpu time      : unlimited
2025-12-12 15:03:44.138550 (1185821) main____ INFO      processes     : 255232
2025-12-12 15:03:44.138554 (1185821) main____ INFO      stack size    : 8388608 B
2025-12-12 15:03:44.138557 (1185821) main____ INFO      core file size: 0 B
2025-12-12 15:03:44.138559 (1185821) main____ INFO      open files    : 1024
2025-12-12 15:03:44.138560 (1185821) main____ INFO      file size     : unlimited
2025-12-12 15:03:44.138562 (1185821) main____ INFO    ----------------------------------------
2025-12-12 15:03:44.138563 (1185821) main____ INFO    Memory statistics:
2025-12-12 15:03:44.138565 (1185821) main____ INFO      total physical memory  : 65401516 kB
2025-12-12 15:03:44.138567 (1185821) main____ INFO      free physical memory   : 42184404 kB
2025-12-12 15:03:44.138569 (1185821) main____ INFO      committed address space: 112108240 kB
2025-12-12 15:03:44.138570 (1185821) main____ INFO    ----------------------------------------
2025-12-12 15:03:44.140460 (1185821) main____ INFO    Important environment variables:
2025-12-12 15:03:44.140485 (1185821) main____ INFO      CDS_LIC_FILE       : '5280@bioeelincad.ee.columbia.edu'
2025-12-12 15:03:44.140488 (1185821) main____ INFO      DISPLAY            : 'localhost:10.0'
2025-12-12 15:03:44.140490 (1185821) main____ INFO      JASPER_CPU_CHECK   : '1'
2025-12-12 15:03:44.140492 (1185821) main____ INFO      JASPER_INSTALL_DIR : '/tools/cadence/jasper_2024.06p002'
2025-12-12 15:03:44.140494 (1185821) main____ INFO      JASPER_KERNEL_CHECK: '1'
2025-12-12 15:03:44.140496 (1185821) main____ INFO      JASPER_OS_CHECK    : '1'
2025-12-12 15:03:44.140497 (1185821) main____ INFO      LANG               : 'en_US.UTF-8'
2025-12-12 15:03:44.140499 (1185821) main____ INFO    ----------------------------------------
2025-12-12 15:03:44.140782 (1185821) lic_core INFO    Initializing license system ...
2025-12-12 15:03:44.181329 (1185821) lic_core INFO    ... license system initialized.
2025-12-12 15:03:44.237587 (1185821) lic__man INFO    Claim 'main' for <ui>.
2025-12-12 15:03:44.237629 (1185821) lic_core INFO    (1) checking out 'jasper_interactive' ...
2025-12-12 15:03:44.256621 (1185821) lic_core INFO    ... (1) checkout succeeded
2025-12-12 15:03:44.256638 (1185821) lic__man INFO    Claim 'fpv' for <ui>.
2025-12-12 15:03:44.256643 (1185821) lic_core INFO    (2) checking out 'jasper_fpv' ...
2025-12-12 15:03:44.266899 (1185821) lic_core INFO    ... (2) checkout failed (error: -5) ("FLEXnet ERROR(-5, 0, 0): No such feature exists.")
2025-12-12 15:03:44.269313 (1185821) lic_core INFO    (3) checking out 'jasper_fao' ...
2025-12-12 15:03:44.279601 (1185821) lic_core INFO    ... (3) checkout succeeded
2025-12-12 15:03:44.301905 (1185821) main____ INFO    Tool inactivity delay is 480000 ms.
2025-12-12 15:03:45.111937 (1185821) lic__man INFO    Claim 'fpv' for <ui>.
2025-12-12 15:03:45.376038 (1185821) lic__man INFO    Unclaim 'fpv' for <ui>.
2025-12-12 15:03:45.376062 (1185821) lic__man INFO    Claim 'fpv' for <ui>.
2025-12-12 15:03:45.391503 (1185821) session_ INFO    Starting analysis session with session id 'session_0' (launcher: <local>) ...
2025-12-12 15:03:45.392664 (1185821) session_ INFO    Analysis session with session id 'session_0' started (pid: 1185843)
2025-12-12 15:03:54.965675 (1185821) session_ INFO    Analysis session 'session_0' connected to the console (host: 127.0.0.1:50278)
2025-12-12 15:03:57.265155 (1185821) lic__man INFO    Unclaim everything for 'session_0'.
2025-12-12 15:03:57.923145 (1185821) lic__man INFO    Claim 'fpv' for 'session_0'.
2025-12-12 15:03:57.923165 (1185821) lic__man INFO    Claim 'fpv' for 'session_0/prove-0'.
2025-12-12 15:04:00.584401 (1185821) lic__man INFO    Unclaim everything for 'session_0/prove-0'.
2025-12-12 15:07:14.602024 (1185821) main____ INFO    About to exit: requested from GUI
2025-12-12 15:07:14.704777 (1185821) session_ INFO    Analysis session 'session_0' disconnected.
2025-12-12 15:07:14.710226 (1185821) lic_core INFO    (1) checkin jasper_interactive
2025-12-12 15:07:14.711645 (1185821) lic_core INFO    (3) checkin jasper_fao
2025-12-12 15:07:14.718625 (1185821) main____ INFO    Exiting with status 0.
